  POST HARTREE-FOCK CALCULATION
  PROPAGATOR THEORY:
 ==============================
 
         PROPAGATOR FORMALISM FOR SEVERAL FERMIONS SPECIES 
          ORDER OF CORRECTION =     2
            The following articles must be cited:
            -------------------------------------
               J. Chem. Phys. 137, 074105 (2012) 
               J. Chem. Phys. 138, 194108 (2013) 
                                 CPL coming soon 
            -------------------------------------
         SPECIES:        E-
         --------------------------------------------------
             Orbital     KT (eV)     EP2 (eV)       P.S  
         --------------------------------------------------
                5      -13.335244  -10.140654    0.853889
                6        5.362715    4.925340    0.952097
         --------------------------------------------------
         SPECIES:     H-A_1
         --------------------------------------------------
             Orbital     KT (eV)     EP2 (eV)       P.S  
         --------------------------------------------------
                1      -24.603421  -17.007032    0.877287
                2      -23.948321  -57.734065    0.538455
         --------------------------------------------------
         SPECIES:     H-B_1
         --------------------------------------------------
             Orbital     KT (eV)     EP2 (eV)       P.S  
         --------------------------------------------------
                1      -24.603421  -17.007032    0.877287
                2      -23.948321  -57.734065    0.538455
         --------------------------------------------------
 